Content-Type: multipart/alternative;
 boundary="===============6998862530115216948=="
MIME-Version: 1.0
Subject: =?utf-8?q?Restablece_tu_contrase=C3=B1a_-_BuFuu_GrowShop?=
From: BuFuuGrowShop@gmail.com
To: adoben2004@gmail.com
Date: Thu, 18 Dec 2025 04:05:32 -0000
Message-ID: <176603073224.1428.17600020615522830854@DESKTOP-J48BQU7>

--===============6998862530115216948==
Content-Type: text/plain; charset="utf-8"
MIME-Version: 1.0
Content-Transfer-Encoding: 8bit

Hola Kudolf,

Para restablecer tu contraseña entra aquí:
http://127.0.0.1:8000/reset/NA/d0zf18-e3f83ddbcaeba4cbd0416a70f46baa68/

Si no lo pediste, ignora este correo.

--===============6998862530115216948==
Content-Type: text/html; charset="utf-8"
MIME-Version: 1.0
Content-Transfer-Encoding: 8bit

<!DOCTYPE html>
<html lang="es">
<head>
    <meta charset="UTF-8">
    <meta name="viewport" content="width=device-width, initial-scale=1.0">
    <title>Restablece tu Contraseña - BuFuu GrowShop</title>
    <style>
        /* Reset de estilos para emails */
        body {
            margin: 0;
            padding: 0;
            font-family: -apple-system, BlinkMacSystemFont, 'Segoe UI', Roboto, 'Helvetica Neue', Arial, sans-serif;
            line-height: 1.6;
            background-color: #f5f7fa;
        }
        
        table {
            border-collapse: collapse;
            width: 100%;
        }
        
        img {
            border: 0;
            outline: none;
            text-decoration: none;
        }
        
        /* Contenedor principal */
        .email-wrapper {
            width: 100%;
            background-color: #f5f7fa;
            padding: 40px 20px;
        }
        
        .email-container {
            max-width: 600px;
            margin: 0 auto;
            background-color: #ffffff;
            border-radius: 16px;
            overflow: hidden;
            box-shadow: 0 10px 40px rgba(0, 0, 0, 0.1);
        }
        
        /* Header */
        .email-header {
            background: linear-gradient(135deg, #10b981 0%, #059669 100%);
            padding: 40px 30px;
            text-align: center;
        }
        
        .email-logo {
            font-size: 60px;
            margin-bottom: 10px;
        }
        
        .email-title {
            color: #ffffff;
            font-size: 28px;
            font-weight: 800;
            margin: 0;
            text-shadow: 0 2px 4px rgba(0, 0, 0, 0.1);
        }
        
        /* Body */
        .email-body {
            padding: 40px 30px;
            color: #1f2937;
        }
        
        .greeting {
            font-size: 20px;
            font-weight: 700;
            color: #1f2937;
            margin-bottom: 20px;
        }
        
        .message {
            font-size: 16px;
            line-height: 1.8;
            color: #6b7280;
            margin-bottom: 30px;
        }
        
        /* Botón de acción */
        .button-container {
            text-align: center;
            margin: 40px 0;
        }
        
        .reset-button {
            display: inline-block;
            padding: 16px 40px;
            background: linear-gradient(135deg, #10b981 0%, #059669 100%);
            color: #ffffff !important;
            text-decoration: none;
            border-radius: 12px;
            font-weight: 700;
            font-size: 16px;
            box-shadow: 0 4px 12px rgba(16, 185, 129, 0.4);
            transition: all 0.3s ease;
        }
        
        .reset-button:hover {
            box-shadow: 0 6px 20px rgba(16, 185, 129, 0.5);
        }
        
        /* Información adicional */
        .info-box {
            background: #f9fafb;
            padding: 20px;
            border-radius: 8px;
            border-left: 4px solid #10b981;
            margin: 30px 0;
        }
        
        .info-box p {
            margin: 0;
            font-size: 14px;
            color: #6b7280;
            line-height: 1.6;
        }
        
        .info-box strong {
            color: #1f2937;
        }
        
        /* Link alternativo */
        .alternative-link {
            background: #f3f4f6;
            padding: 15px;
            border-radius: 8px;
            margin: 20px 0;
            font-size: 12px;
            color: #6b7280;
            word-break: break-all;
        }
        
        .alternative-link-label {
            font-weight: 600;
            color: #1f2937;
            display: block;
            margin-bottom: 8px;
        }
        
        /* Security warning */
        .security-warning {
            background: #fef3c7;
            padding: 15px;
            border-radius: 8px;
            border-left: 4px solid #f59e0b;
            margin: 20px 0;
        }
        
        .security-warning p {
            margin: 0;
            font-size: 14px;
            color: #92400e;
        }
        
        /* Footer */
        .email-footer {
            background: #f9fafb;
            padding: 30px;
            text-align: center;
            border-top: 1px solid #e5e7eb;
        }
        
        .footer-text {
            font-size: 14px;
            color: #6b7280;
            margin: 0 0 10px 0;
        }
        
        .footer-link {
            color: #10b981;
            text-decoration: none;
            font-weight: 600;
        }
        
        .footer-link:hover {
            text-decoration: underline;
        }
        
        .social-links {
            margin-top: 20px;
        }
        
        .social-link {
            display: inline-block;
            margin: 0 10px;
            color: #6b7280;
            text-decoration: none;
            font-size: 24px;
        }
        
        /* Responsive */
        @media only screen and (max-width: 600px) {
            .email-wrapper {
                padding: 20px 10px;
            }
            
            .email-header {
                padding: 30px 20px;
            }
            
            .email-body {
                padding: 30px 20px;
            }
            
            .email-title {
                font-size: 24px;
            }
            
            .greeting {
                font-size: 18px;
            }
            
            .message {
                font-size: 15px;
            }
            
            .reset-button {
                display: block;
                width: 100%;
                padding: 14px 20px;
            }
        }
    </style>
</head>
<body>
    <div class="email-wrapper">
        <div class="email-container">
            <!-- Header -->
            <div class="email-header">
                <div class="email-logo">🌿</div>
                <h1 class="email-title">BuFuu GrowShop</h1>
            </div>
            
            <!-- Body -->
            <div class="email-body">
                <p class="greeting">¡Hola Kudolf! 👋</p>
                
                <p class="message">
                    Recibimos una solicitud para restablecer la contraseña de tu cuenta 
                    en <strong>127.0.0.1:8000</strong>.
                </p>
                
                <p class="message">
                    Para crear una nueva contraseña segura, haz clic en el botón a continuación:
                </p>
                
                <!-- Botón de acción -->
                <div class="button-container">
                    <a href="http://127.0.0.1:8000/reset/NA/d0zf18-e3f83ddbcaeba4cbd0416a70f46baa68/" class="reset-button">
                        🔒 Restablecer mi Contraseña
                    </a>
                </div>
                
                <!-- Información adicional -->
                <div class="info-box">
                    <p>
                        <strong>⏰ Este enlace expira en 24 horas</strong><br>
                        Por motivos de seguridad, este enlace es válido por tiempo limitado. 
                        Si necesitas un nuevo enlace, solicítalo desde nuestra página de recuperación.
                    </p>
                </div>
                
                <!-- Link alternativo -->
                <div class="alternative-link">
                    <span class="alternative-link-label">
                        Si el botón no funciona, copia y pega este enlace en tu navegador:
                    </span>
                    http://127.0.0.1:8000/reset/NA/d0zf18-e3f83ddbcaeba4cbd0416a70f46baa68/
                </div>
                
                <!-- Security Warning -->
                <div class="security-warning">
                    <p>
                        <strong>⚠️ ¿No solicitaste este cambio?</strong><br>
                        Si no solicitaste restablecer tu contraseña, puedes ignorar este correo. 
                        Tu cuenta permanece segura y no se realizarán cambios.
                    </p>
                </div>
                
                <p class="message" style="margin-top: 30px;">
                    Si tienes alguna pregunta o necesitas ayuda, no dudes en contactarnos.
                </p>
                
                <p class="message" style="margin-bottom: 0;">
                    <strong>Saludos,</strong><br>
                    El equipo de 127.0.0.1:8000 🌿
                </p>
            </div>
            
            <!-- Footer -->
            <div class="email-footer">
                <p class="footer-text">
                    <strong>BuFuu GrowShop</strong><br>
                    Tu tienda de confianza para el cultivo cannábico
                </p>
                
                <p class="footer-text">
                    📧 <a href="mailto:bufuugrowshop@gmail.com" class="footer-link">bufuugrowshop@gmail.com</a><br>
                    📞 <a href="tel:+56912345678" class="footer-link">+569 1234 5678</a>
                </p>
                
                <div class="social-links">
                    <a href="https://www.instagram.com/bufuugrowshop" class="social-link" title="Instagram">📷</a>
                    <a href="https://www.facebook.com/bufuugrowshop" class="social-link" title="Facebook">📘</a>
                </div>
                
                <p class="footer-text" style="margin-top: 20px; font-size: 12px;">
                    © 2025 BuFuu GrowShop. Todos los derechos reservados.
                </p>
            </div>
        </div>
    </div>
</body>
</html>

--===============6998862530115216948==--

-------------------------------------------------------------------------------
